<?xml version="1.0" encoding="UTF-8"?>
<!-- Generated by org.testng.reporters.JUnitXMLReporter -->
<testsuite ignored="2" hostname="Punya-Hani-2.local" failures="0" tests="3" name="Login TMDB" time="29.067" errors="0" timestamp="2024-07-31T18:15:29 WIB">
  <testcase classname="com.qa.opencart.tests.LoginTMDBTest" name="filteringMoviesByPopularityTest" time="13.469"/>
  <testcase classname="com.qa.opencart.tests.LoginTMDBTest" name="filteringMoviesByReleaseDateTest" time="0.09"/>
  <testcase classname="com.qa.opencart.tests.LoginTMDBTest" name="filteringMoviesByCreatedAtTest" time="0.088"/>
  <testcase classname="com.qa.opencart.tests.LoginTMDBTest" name="markSeriesTest" time="0.0">
    <ignored/>
  </testcase> <!-- markSeriesTest -->
  <testcase classname="com.qa.opencart.tests.LoginTMDBTest" name="markMoviesTest" time="0.0">
    <ignored/>
  </testcase> <!-- markMoviesTest -->
</testsuite> <!-- Login TMDB -->
