<?xml version="1.0" encoding="UTF-8"?>
<!-- Generated by org.testng.reporters.JUnitXMLReporter -->
<testsuite ignored="0" hostname="Punya-Hani-2.local" failures="0" tests="5" name="Open Cart Home Page Test_chrome" time="19.292" errors="0" timestamp="2024-07-25T12:59:14 WIB">
  <testcase classname="com.qa.opencart.tests.HomePageTest" name="homePageTitleTest" time="0.009"/>
  <testcase classname="com.qa.opencart.tests.HomePageTest" name="homePageURLTest" time="0.001"/>
  <testcase classname="com.qa.opencart.tests.HomePageTest" name="searchTest" time="5.276"/>
  <testcase classname="com.qa.opencart.tests.HomePageTest" name="searchTest" time="5.237"/>
  <testcase classname="com.qa.opencart.tests.HomePageTest" name="searchTest" time="5.285"/>
</testsuite> <!-- Open Cart Home Page Test_chrome -->
