<?xml version="1.0" encoding="UTF-8"?>
<testng-results ignored="2" total="5" passed="3" failed="0" skipped="0">
  <reporter-output>
  </reporter-output>
  <suite started-at="2024-07-31T18:15:00 WIB" name="Open Cart Test Regression PW Suite" finished-at="2024-07-31T18:15:29 WIB" duration-ms="29067">
    <groups>
    </groups>
    <test started-at="2024-07-31T18:15:00 WIB" name="Login TMDB" finished-at="2024-07-31T18:15:29 WIB" duration-ms="29067">
      <class name="com.qa.opencart.tests.LoginTMDBTest">
        <test-method is-config="true" signature="setup(java.lang.String)[pri:0, instance:com.qa.opencart.tests.LoginTMDBTest@4310d43]" started-at="2024-07-31T18:15:00 WIB" name="setup" finished-at="2024-07-31T18:15:15 WIB" duration-ms="14272" status="PASS">
          <params>
            <param index="0">
              <value>
                <![CDATA[chrome]]>
              </value>
            </param>
          </params>
          <reporter-output>
          </reporter-output>
        </test-method> <!-- setup -->
        <test-method signature="filteringMoviesByPopularityTest()[pri:1, instance:com.qa.opencart.tests.LoginTMDBTest@4310d43]" started-at="2024-07-31T18:15:15 WIB" name="filteringMoviesByPopularityTest" finished-at="2024-07-31T18:15:28 WIB" duration-ms="13469" status="PASS">
          <reporter-output>
          </reporter-output>
        </test-method> <!-- filteringMoviesByPopularityTest -->
        <test-method signature="filteringMoviesByReleaseDateTest()[pri:2, instance:com.qa.opencart.tests.LoginTMDBTest@4310d43]" started-at="2024-07-31T18:15:29 WIB" name="filteringMoviesByReleaseDateTest" finished-at="2024-07-31T18:15:29 WIB" duration-ms="90" status="PASS">
          <reporter-output>
          </reporter-output>
        </test-method> <!-- filteringMoviesByReleaseDateTest -->
        <test-method signature="filteringMoviesByCreatedAtTest()[pri:3, instance:com.qa.opencart.tests.LoginTMDBTest@4310d43]" started-at="2024-07-31T18:15:29 WIB" name="filteringMoviesByCreatedAtTest" finished-at="2024-07-31T18:15:29 WIB" duration-ms="88" status="PASS">
          <reporter-output>
          </reporter-output>
        </test-method> <!-- filteringMoviesByCreatedAtTest -->
        <test-method is-config="true" signature="tearDown()[pri:0, instance:com.qa.opencart.tests.LoginTMDBTest@4310d43]" started-at="2024-07-31T18:15:29 WIB" name="tearDown" finished-at="2024-07-31T18:15:29 WIB" duration-ms="156" status="PASS">
          <reporter-output>
          </reporter-output>
        </test-method> <!-- tearDown -->
      </class> <!-- com.qa.opencart.tests.LoginTMDBTest -->
    </test> <!-- Login TMDB -->
  </suite> <!-- Open Cart Test Regression PW Suite -->
</testng-results>
